<?xml version="1.0" encoding="UTF-8"?>
<!-- Generated by org.testng.reporters.JUnitReportReporter -->
<testsuite hostname="MacBook-Air.local" failures="0" tests="1" name="TestRunner" time="0.055" errors="0" timestamp="23 Sep 2020 15:08:20 GMT">
  <testcase classname="TestRunner" name="feature" time="0.055"/>
</testsuite> <!-- TestRunner -->
